f:\program files\my owncode\bigint\bigint\debug\bigint.obj
f:\program files\my owncode\bigint\bigint\debug\main.obj
f:\program files\my owncode\bigint\bigint\debug\vc100.pdb
f:\program files\my owncode\bigint\bigint\debug\bigint.exe.embed.manifest.res
f:\program files\my owncode\bigint\debug\bigint.ilk
f:\program files\my owncode\bigint\debug\bigint.exe
f:\program files\my owncode\bigint\bigint\debug\bigint.exe.intermediate.manifest
f:\program files\my owncode\bigint\debug\bigint.pdb
f:\program files\my owncode\bigint\bigint\debug\bigint.exe.embed.manifest
f:\program files\my owncode\bigint\bigint\debug\bigint.write.1.tlog
f:\program files\my owncode\bigint\bigint\debug\cl.read.1.tlog
f:\program files\my owncode\bigint\bigint\debug\cl.write.1.tlog
f:\program files\my owncode\bigint\bigint\debug\cl.command.1.tlog
f:\program files\my owncode\bigint\bigint\debug\rc.read.1.tlog
f:\program files\my owncode\bigint\bigint\debug\rc.write.1.tlog
f:\program files\my owncode\bigint\bigint\debug\rc.command.1.tlog
f:\program files\my owncode\bigint\bigint\debug\link-cvtres.read.1.tlog
f:\program files\my owncode\bigint\bigint\debug\link-cvtres.write.1.tlog
f:\program files\my owncode\bigint\bigint\debug\link.read.1.tlog
f:\program files\my owncode\bigint\bigint\debug\link.write.1.tlog
f:\program files\my owncode\bigint\bigint\debug\link.command.1.tlog
f:\program files\my owncode\bigint\bigint\debug\mt.read.1.tlog
f:\program files\my owncode\bigint\bigint\debug\mt.write.1.tlog
f:\program files\my owncode\bigint\bigint\debug\mt.command.1.tlog
f:\program files\my owncode\bigint\bigint\debug\link.968-cvtres.read.1.tlog
f:\program files\my owncode\bigint\bigint\debug\link.968-cvtres.write.1.tlog
f:\program files\my owncode\bigint\bigint\debug\link.968.read.1.tlog
f:\program files\my owncode\bigint\bigint\debug\link.968.write.1.tlog
f:\program files\my owncode\bigint\bigint\debug\vc100.idb
f:\program files\my owncode\bigint\bigint\debug\bigint_manifest.rc
